#
# A fatal error has been detected by the Java Runtime Environment:
#
#  Internal Error (classFileParser.cpp:3494), pid=7384, tid=6120
#  Error: ShouldNotReachHere()
#
# JRE version: 6.0_29-b11
# Java VM: Java HotSpot(TM) Client VM (20.4-b02 mixed mode windows-x86 )
# If you would like to submit a bug report, please visit:
#   http://java.sun.com/webapps/bugreport/crash.jsp
#

---------------  T H R E A D  ---------------

Current thread (0x022b9800):  JavaThread "Unknown thread" [_thread_in_vm, id=6120, stack(0x002f0000,0x00340000)]

Stack: [0x002f0000,0x00340000],  sp=0x0033f86c,  free space=318k
Native frames: (J=compiled Java code, j=interpreted, Vv=VM code, C=native code)
V  [jvm.dll+0x1335ba]
V  [jvm.dll+0x12e56b]
V  [jvm.dll+0x1639e]
V  [jvm.dll+0x17bdf]
V  [jvm.dll+0x26cc5]
V  [jvm.dll+0x27506]
V  [jvm.dll+0x278b5]
V  [jvm.dll+0x27949]
V  [jvm.dll+0x27a0c]
V  [jvm.dll+0x27a8a]
V  [jvm.dll+0x27b6d]
V  [jvm.dll+0x27e39]
V  [jvm.dll+0x6c383]
V  [jvm.dll+0x6c75c]
V  [jvm.dll+0xf9b4c]
V  [jvm.dll+0x11848b]
V  [jvm.dll+0x9eb60]
C  [javaw.exe+0x1657]
C  [javaw.exe+0x1e2c]
C  [javaw.exe+0x8614]
C  [kernel32.dll+0x1339a]  BaseThreadInitThunk+0x12
C  [ntdll.dll+0x39ef2]  RtlInitializeExceptionChain+0x63
C  [ntdll.dll+0x39ec5]  RtlInitializeExceptionChain+0x36


---------------  P R O C E S S  ---------------

Java Threads: ( => current thread )

Other Threads:

=>0x022b9800 (exited) JavaThread "Unknown thread" [_thread_in_vm, id=6120, stack(0x002f0000,0x00340000)]

VM state:not at safepoint (not fully initialized)

VM Mutex/Monitor currently owned by a thread: None

Dynamic libraries:
0x00400000 - 0x00424000 	C:\Program Files (x86)\Java\jre6\bin\javaw.exe
0x77030000 - 0x771b0000 	C:\Windows\SysWOW64\ntdll.dll
0x75340000 - 0x75450000 	C:\Windows\syswow64\kernel32.dll
0x749d0000 - 0x74a16000 	C:\Windows\syswow64\KERNELBASE.dll
0x71a40000 - 0x71a74000 	C:\Program Files\AVAST Software\Avast\snxhk.dll
0x74e00000 - 0x74ea0000 	C:\Windows\syswow64\ADVAPI32.dll
0x74ea0000 - 0x74f4c000 	C:\Windows\syswow64\msvcrt.dll
0x75230000 - 0x75249000 	C:\Windows\SysWOW64\sechost.dll
0x763d0000 - 0x764c0000 	C:\Windows\syswow64\RPCRT4.dll
0x74710000 - 0x74770000 	C:\Windows\syswow64\SspiCli.dll
0x74700000 - 0x7470c000 	C:\Windows\syswow64\CRYPTBASE.dll
0x75010000 - 0x75110000 	C:\Windows\syswow64\USER32.dll
0x74d60000 - 0x74df0000 	C:\Windows\syswow64\GDI32.dll
0x75760000 - 0x7576a000 	C:\Windows\syswow64\LPK.dll
0x75690000 - 0x7572d000 	C:\Windows\syswow64\USP10.dll
0x74970000 - 0x749d0000 	C:\Windows\system32\IMM32.DLL
0x75560000 - 0x7562c000 	C:\Windows\syswow64\MSCTF.dll
0x72ab0000 - 0x72ae2000 	C:\Windows\SysWOW64\nvinit.dll
0x0f000000 - 0x0f006000 	C:\Program Files (x86)\NVIDIA Corporation\CoProcManager\_etoured.dll
0x6df20000 - 0x6df5c000 	C:\Program Files (x86)\NVIDIA Corporation\CoProcManager\nvd3d9wrap.dll
0x747d0000 - 0x7496d000 	C:\Windows\syswow64\SETUPAPI.dll
0x75730000 - 0x75757000 	C:\Windows\syswow64\CFGMGR32.dll
0x74f80000 - 0x7500f000 	C:\Windows\syswow64\OLEAUT32.dll
0x764c0000 - 0x7661c000 	C:\Windows\syswow64\ole32.dll
0x74a60000 - 0x74a72000 	C:\Windows\syswow64\DEVOBJ.dll
0x6dee0000 - 0x6df1b000 	C:\Program Files (x86)\NVIDIA Corporation\CoProcManager\nvdxgiwrap.dll
0x7c340000 - 0x7c396000 	C:\Program Files (x86)\Java\jre6\bin\msvcr71.dll
0x6d7f0000 - 0x6da9f000 	C:\Program Files (x86)\Java\jre6\bin\client\jvm.dll
0x71570000 - 0x715a2000 	C:\Windows\system32\WINMM.dll
0x74110000 - 0x7415c000 	C:\Windows\system32\apphelp.dll
0x6d7a0000 - 0x6d7ac000 	C:\Program Files (x86)\Java\jre6\bin\verify.dll
0x6d320000 - 0x6d33f000 	C:\Program Files (x86)\Java\jre6\bin\java.dll
0x6d7e0000 - 0x6d7ef000 	C:\Program Files (x86)\Java\jre6\bin\zip.dll
0x74df0000 - 0x74df5000 	C:\Windows\system32\PSAPI.DLL

VM Arguments:
jvm_args: -Dfile.encoding=Cp1252 -Xbootclasspath:C:\Program Files (x86)\Android\android-sdk\platforms\android-8\android.jar 
java_command: YourLocation
Launcher Type: SUN_STANDARD

Environment Variables:
PATH=C:/Program Files (x86)/Java/jre6/bin/client;C:/Program Files (x86)/Java/jre6/bin;C:/Program Files (x86)/Java/jre6/lib/i386;C:\Program Files\Common Files\Microsoft Shared\Windows Live;C:\Program Files (x86)\Common Files\Microsoft Shared\Windows Live;C:\Windows\system32;C:\Windows;C:\Windows\System32\Wbem;C:\Windows\System32\WindowsPowerShell\v1.0\;C:\Program Files\ThinkPad\Bluetooth Software\;C:\Program Files\ThinkPad\Bluetooth Software\syswow64;C:\Program Files\Broadcom\WHL\;C:\Program Files\Broadcom\WHL\syswow64;C:\Program Files\Broadcom\WHL\SysWow64\;C:\Program Files\Broadcom\WHL\SysWow64\syswow64;C:\Program Files (x86)\Intel\Services\IPT\;C:\Program Files (x86)\Common Files\Lenovo;C:\Program Files (x86)\Common Files\Ulead Systems\MPEG;C:\Program Files (x86)\Windows Live\Shared;C:\SWTOOLS\ReadyApps;C:\Program Files (x86)\Lenovo\Access Connections\;C:\Program Files (x86)\IVI Foundation\VISA\WinNT\Bin;C:\Program Files (x86)\eclipse;
USERNAME=Axel Tarnvik
OS=Windows_NT
PROCESSOR_IDENTIFIER=Intel64 Family 6 Model 42 Stepping 7, GenuineIntel



---------------  S Y S T E M  ---------------

OS: Windows 7 , 64 bit Build 7601 Service Pack 1

CPU:total 4 (2 cores per cpu, 2 threads per core) family 6 model 42 stepping 7, cmov, cx8, fxsr, mmx, sse, sse2, sse3, ssse3, sse4.1, sse4.2, popcnt, ht

Memory: 4k page, physical 8273136k(4329960k free), swap 16544420k(12364948k free)

vm_info: Java HotSpot(TM) Client VM (20.4-b02) for windows-x86 JRE (1.6.0_29-b11), built on Oct  3 2011 01:01:08 by "java_re" with MS VC++ 7.1 (VS2003)

time: Mon Apr 09 19:45:13 2012
elapsed time: 0 seconds

