#
# A fatal error has been detected by the Java Runtime Environment:
#
#  Internal Error (classFileParser.cpp:3470), pid=132, tid=5852
#  Error: ShouldNotReachHere()
#
# JRE version: 7.0-b147
# Java VM: Java HotSpot(TM) Client VM (21.0-b17 mixed mode windows-x86 )
# Failed to write core dump. Minidumps are not enabled by default on client versions of Windows
#
# If you would like to submit a bug report, please visit:
#   http://bugreport.sun.com/bugreport/crash.jsp
#

---------------  T H R E A D  ---------------

Current thread (0x0245a000):  JavaThread "Unknown thread" [_thread_in_vm, id=5852, stack(0x003e0000,0x00430000)]

Stack: [0x003e0000,0x00430000],  sp=0x0042f4ac,  free space=317k
Native frames: (J=compiled Java code, j=interpreted, Vv=VM code, C=native code)
V  [jvm.dll+0x1630e1]
V  [jvm.dll+0x15dcfb]
V  [jvm.dll+0x18e37]
V  [jvm.dll+0x1a6a8]
V  [jvm.dll+0x2a42f]
V  [jvm.dll+0x2b818]
V  [jvm.dll+0x2bedb]
V  [jvm.dll+0x2bf2a]
V  [jvm.dll+0x2c07d]
V  [jvm.dll+0x2c15a]
V  [jvm.dll+0x2c3d7]
V  [jvm.dll+0x73cb1]
V  [jvm.dll+0x7406b]
V  [jvm.dll+0x121a7c]
V  [jvm.dll+0x14382a]
V  [jvm.dll+0xa2940]
C  [javaw.exe+0x1359]
C  [javaw.exe+0x1dc9]
C  [javaw.exe+0xa0cb]
C  [javaw.exe+0xa155]
C  [kernel32.dll+0x1339a]  BaseThreadInitThunk+0x12
C  [ntdll.dll+0x39ef2]  RtlInitializeExceptionChain+0x63
C  [ntdll.dll+0x39ec5]  RtlInitializeExceptionChain+0x36


---------------  P R O C E S S  ---------------

Java Threads: ( => current thread )

Other Threads:

=>0x0245a000 (exited) JavaThread "Unknown thread" [_thread_in_vm, id=5852, stack(0x003e0000,0x00430000)]

VM state:not at safepoint (not fully initialized)

VM Mutex/Monitor currently owned by a thread: None

Dynamic libraries:
0x00210000 - 0x0023f000 	C:\Program Files (x86)\Java\jre7\bin\javaw.exe
0x77c30000 - 0x77db0000 	C:\Windows\SysWOW64\ntdll.dll
0x76dc0000 - 0x76ed0000 	C:\Windows\syswow64\kernel32.dll
0x765a0000 - 0x765e6000 	C:\Windows\syswow64\KERNELBASE.dll
0x75630000 - 0x75667000 	C:\Program Files\AVAST Software\Avast\snxhk.dll
0x76500000 - 0x765a0000 	C:\Windows\syswow64\ADVAPI32.dll
0x76f10000 - 0x76fbc000 	C:\Windows\syswow64\msvcrt.dll
0x75800000 - 0x75819000 	C:\Windows\SysWOW64\sechost.dll
0x76cc0000 - 0x76db0000 	C:\Windows\syswow64\RPCRT4.dll
0x75790000 - 0x757f0000 	C:\Windows\syswow64\SspiCli.dll
0x75780000 - 0x7578c000 	C:\Windows\syswow64\CRYPTBASE.dll
0x76fc0000 - 0x770c0000 	C:\Windows\syswow64\USER32.dll
0x770c0000 - 0x77150000 	C:\Windows\syswow64\GDI32.dll
0x76db0000 - 0x76dba000 	C:\Windows\syswow64\LPK.dll
0x765f0000 - 0x7668d000 	C:\Windows\syswow64\USP10.dll
0x72680000 - 0x7281e000 	C:\Windows\WinSxS\x86_microsoft.windows.common-controls_6595b64144ccf1df_6.0.7601.17514_none_41e6975e2bd6f2b2\COMCTL32.dll
0x76a60000 - 0x76ab7000 	C:\Windows\syswow64\SHLWAPI.dll
0x76be0000 - 0x76c40000 	C:\Windows\system32\IMM32.DLL
0x77150000 - 0x7721c000 	C:\Windows\syswow64\MSCTF.dll
0x63f00000 - 0x63fbe000 	C:\Program Files (x86)\Java\jre7\bin\msvcr100.dll
0x6af60000 - 0x6b281000 	C:\Program Files (x86)\Java\jre7\bin\client\jvm.dll
0x73b60000 - 0x73b67000 	C:\Windows\system32\WSOCK32.dll
0x76690000 - 0x766c5000 	C:\Windows\syswow64\WS2_32.dll
0x76ed0000 - 0x76ed6000 	C:\Windows\syswow64\NSI.dll
0x73150000 - 0x73182000 	C:\Windows\system32\WINMM.dll
0x757f0000 - 0x757f5000 	C:\Windows\syswow64\PSAPI.DLL
0x75000000 - 0x7500c000 	C:\Program Files (x86)\Java\jre7\bin\verify.dll
0x74be0000 - 0x74c00000 	C:\Program Files (x86)\Java\jre7\bin\java.dll
0x74c00000 - 0x74c13000 	C:\Program Files (x86)\Java\jre7\bin\zip.dll

VM Arguments:
jvm_args: -Dfile.encoding=Cp1252 -Xbootclasspath:C:\Program Files (x86)\Android\android-sdk\platforms\android-8\android.jar 
java_command: org.eclipse.jdt.internal.junit.runner.RemoteTestRunner -version 3 -port 50397 -testLoaderClass org.eclipse.jdt.internal.junit.runner.junit3.JUnit3TestLoader -loaderpluginname org.eclipse.jdt.junit.runtime -classNames YourLocationTest
Launcher Type: SUN_STANDARD

Environment Variables:
CLASSPATH=.;C:\Program Files (x86)\Java\jre7\lib\ext\QTJava.zip
PATH=C:/Program Files (x86)/Java/jre7/bin/client;C:/Program Files (x86)/Java/jre7/bin;C:/Program Files (x86)/Java/jre7/lib/i386;C:\Program Files (x86)\HP SimplePass 2011\;C:\Program Files (x86)\HP SimplePass 2011\x64;C:\Program Files\Common Files\Microsoft Shared\Windows Live;C:\Program Files (x86)\Common Files\Microsoft Shared\Windows Live;C:\Windows\system32;C:\Windows;C:\Windows\System32\Wbem;C:\Windows\System32\WindowsPowerShell\v1.0\;C:\Program Files (x86)\Common Files\Roxio Shared\DLLShared\;C:\Program Files (x86)\Common Files\Roxio Shared\12.0\DLLShared\;C:\Program Files (x86)\Windows Live\Shared;C:\Program Files (x86)\ATI Technologies\ATI.ACE\Core-Static;C:\Program Files (x86)\QuickTime\QTSystem\;C:\Program Files\Intel\WiFi\bin\;C:\Program Files\Common Files\Intel\WirelessCommon\;C:\Program Files\Intel\WiFi\bin\;C:\Program Files\Common Files\Intel\WirelessCommon\;C:\Users\Kunal\Documents\eclipse;
USERNAME=Kunal
OS=Windows_NT
PROCESSOR_IDENTIFIER=Intel64 Family 6 Model 42 Stepping 7, GenuineIntel



---------------  S Y S T E M  ---------------

OS: Windows 7 , 64 bit Build 7601 Service Pack 1

CPU:total 8 (4 cores per cpu, 2 threads per core) family 6 model 42 stepping 7, cmov, cx8, fxsr, mmx, sse, sse2, sse3, ssse3, sse4.1, sse4.2, popcnt, ht

Memory: 4k page, physical 8335216k(5434156k free), swap 16668580k(13438104k free)

vm_info: Java HotSpot(TM) Client VM (21.0-b17) for windows-x86 JRE (1.7.0-b147), built on Jun 27 2011 02:25:52 by "java_re" with unknown MS VC++:1600

time: Sun Apr 22 18:12:02 2012
elapsed time: 0 seconds

